<?xml version="1.0" encoding="UTF-8"?>
<testng-results skipped="0" failed="0" ignored="0" total="1" passed="1">
  <reporter-output>
  </reporter-output>
  <suite name="CodingChallengeTests" duration-ms="14831" started-at="2020-05-24T17:00:05 CEST" finished-at="2020-05-24T17:00:19 CEST">
    <groups>
    </groups>
    <test name="TestCase1" duration-ms="14831" started-at="2020-05-24T17:00:05 CEST" finished-at="2020-05-24T17:00:19 CEST">
      <class name="tests.CodingChallengeTest">
        <test-method status="PASS" signature="classLevelSetup()[pri:0, instance:tests.CodingChallengeTest@61884cb1]" name="classLevelSetup" is-config="true" duration-ms="6017" started-at="2020-05-24T17:00:05 CEST" finished-at="2020-05-24T17:00:11 CEST">
          <reporter-output>
          </reporter-output>
        </test-method> <!-- classLevelSetup -->
        <test-method status="PASS" signature="methodLevelSetup()[pri:0, instance:tests.CodingChallengeTest@61884cb1]" name="methodLevelSetup" is-config="true" duration-ms="73" started-at="2020-05-24T17:00:11 CEST" finished-at="2020-05-24T17:00:11 CEST">
          <reporter-output>
          </reporter-output>
        </test-method> <!-- methodLevelSetup -->
        <test-method status="PASS" signature="testCase1()[pri:0, instance:tests.CodingChallengeTest@61884cb1]" name="testCase1" duration-ms="7977" started-at="2020-05-24T17:00:11 CEST" finished-at="2020-05-24T17:00:19 CEST">
          <reporter-output>
          </reporter-output>
        </test-method> <!-- testCase1 -->
        <test-method status="PASS" signature="teardown()[pri:0, instance:tests.CodingChallengeTest@61884cb1]" name="teardown" is-config="true" duration-ms="609" started-at="2020-05-24T17:00:19 CEST" finished-at="2020-05-24T17:00:19 CEST">
          <reporter-output>
          </reporter-output>
        </test-method> <!-- teardown -->
      </class> <!-- tests.CodingChallengeTest -->
    </test> <!-- TestCase1 -->
  </suite> <!-- CodingChallengeTests -->
</testng-results>
